==========================================
SLURM_CLUSTER_NAME = param-brahma
SLURM_ARRAY_JOB_ID = 
SLURM_ARRAY_TASK_ID = 
SLURM_ARRAY_TASK_COUNT = 
SLURM_ARRAY_TASK_MAX = 
SLURM_ARRAY_TASK_MIN = 
SLURM_JOB_ACCOUNT = collins
SLURM_JOB_ID = 785642
SLURM_JOB_NAME = pn-pert-trial
SLURM_JOB_NODELIST = cn[044,060,080,092,100,157,160,185]
SLURM_JOB_USER = collins
SLURM_JOB_UID = 7009
SLURM_JOB_PARTITION = standard
SLURM_TASK_PID = 34146
SLURM_SUBMIT_DIR = /home/collins/odor-states/fig5
SLURM_CPUS_ON_NODE = 1
SLURM_NTASKS = 
SLURM_TASK_PID = 34146
==========================================
0: Session started...Session started...Session started...Session started...Completed. Total Execution Time: 267.685 secs
0: Session started...Session started...Session started...Session started...Completed. Total Execution Time: 268.137 secs
0: Session started...Session started...Session started...Session started...Completed. Total Execution Time: 269.362 secs
0: Session started...Session started...Session started...Session started...Completed. Total Execution Time: 271.367 secs
0: Session started...Session started...Session started...Session started...Completed. Total Execution Time: 272.885 secs
0: Session started...Session started...Session started...Session started...Completed. Total Execution Time: 275.52 secs
0: Session started...Session started...Session started...Session started...Completed. Total Execution Time: 279.981 secs
0: Session started...Session started...Session started...Session started...Completed. Total Execution Time: 331.56 secs
0: Session started...Session started...Session started...Session started...Completed. Total Execution Time: 272.102 secs
0: Session started...Session started...Session started...Session started...Completed. Total Execution Time: 273.318 secs
0: Session started...Session started...Session started...Session started...Completed. Total Execution Time: 271.261 secs
0: Session started...Session started...Session started...Session started...Completed. Total Execution Time: 276.667 secs
0: Session started...Session started...Session started...Session started...Completed. Total Execution Time: 273.506 secs
0: Session started...Session started...Session started...Session started...Completed. Total Execution Time: 285.337 secs
0: Session started...Session started...Session started...Session started...Completed. Total Execution Time: 286.883 secs
0: Session started...Session started...Session started...Session started...Completed. Total Execution Time: 337.835 secs
0: Session started...Session started...Session started...Session started...Completed. Total Execution Time: 275.099 secs
0: Session started...Session started...Session started...Session started...Completed. Total Execution Time: 273.514 secs
0: Session started...Session started...Session started...Session started...Completed. Total Execution Time: 277.569 secs
0: Session started...Session started...Session started...Session started...Completed. Total Execution Time: 273.647 secs
0: Session started...Session started...Session started...Session started...Completed. Total Execution Time: 275.268 secs
0: Session started...Session started...Session started...Session started...Completed. Total Execution Time: 283.082 secs
0: Session started...Session started...Session started...Session started...Completed. Total Execution Time: 283.528 secs
0: Session started...Session started...Session started...Session started...Completed. Total Execution Time: 337.982 secs
0: Session started...Session started...Session started...Session started...Completed. Total Execution Time: 276.505 secs
0: Session started...Session started...Session started...Session started...Completed. Total Execution Time: 293.182 secs
0: Session started...Session started...Session started...Session started...Completed. Total Execution Time: 299.56 secs
0: Session started...Session started...Session started...Session started...Completed. Total Execution Time: 297.54 secs
0: Session started...Session started...Session started...Session started...Completed. Total Execution Time: 297.723 secs
0: Session started...Session started...Session started...Session started...Completed. Total Execution Time: 281.201 secs
0: Session started...Session started...Session started...Session started...Completed. Total Execution Time: 286.653 secs
0: Session started...Session started...Session started...Session started...Completed. Total Execution Time: 276.875 secs
0: Session started...Session started...Session started...Session started...Completed. Total Execution Time: 342.113 secs
0: Session started...Session started...Session started...Session started...Completed. Total Execution Time: 288.088 secs
0: Session started...Session started...Session started...Session started...Completed. Total Execution Time: 308.016 secs
0: Session started...Session started...Session started...Session started...Completed. Total Execution Time: 310.217 secs
0: Session started...Session started...Session started...Session started...Completed. Total Execution Time: 314.834 secs
0: Session started...Session started...Session started...Session started...Completed. Total Execution Time: 315.866 secs
0: Session started...Session started...Session started...Session started...Completed. Total Execution Time: 283.65 secs
0: Session started...Session started...Session started...Session started...Completed. Total Execution Time: 276.264 secs
0: Session started...Session started...Session started...Session started...Completed. Total Execution Time: 282.59 secs
0: Session started...Session started...Session started...Session started...Completed. Total Execution Time: 344.234 secs
0: Session started...Session started...Session started...Session started...Completed. Total Execution Time: 310.167 secs
0: Session started...Session started...Session started...Session started...Completed. Total Execution Time: 309.686 secs
0: Session started...Session started...Session started...Session started...Completed. Total Execution Time: 316.243 secs
0: Session started...Session started...Session started...Session started...Completed. Total Execution Time: 287.58 secs
0: Session started...Session started...Session started...Session started...Completed. Total Execution Time: 306.819 secs
0: Session started...Session started...Session started...Session started...Completed. Total Execution Time: 287.537 secs
0: Session started...Session started...Session started...Session started...Completed. Total Execution Time: 286.143 secs
0: Session started...Session started...Session started...Session started...Completed. Total Execution Time: 308.943 secs
0: Session started...Session started...Session started...Session started...Completed. Total Execution Time: 309.617 secs
0: Session started...Session started...Session started...Session started...Completed. Total Execution Time: 308.745 secs
0: Session started...Session started...Session started...Session started...Completed. Total Execution Time: 343.426 secs
0: Session started...Session started...Session started...Session started...Completed. Total Execution Time: 284.227 secs
0: Session started...Session started...Session started...Session started...Completed. Total Execution Time: 309.222 secs
0: Session started...Session started...Session started...Session started...Completed. Total Execution Time: 358.692 secs
