==========================================
SLURM_CLUSTER_NAME = param-brahma
SLURM_ARRAY_JOB_ID = 
SLURM_ARRAY_TASK_ID = 
SLURM_ARRAY_TASK_COUNT = 
SLURM_ARRAY_TASK_MAX = 
SLURM_ARRAY_TASK_MIN = 
SLURM_JOB_ACCOUNT = collins
SLURM_JOB_ID = 784761
SLURM_JOB_NAME = pn-pert-trial
SLURM_JOB_NODELIST = cn[003,037,046,062,076,118,161,167]
SLURM_JOB_USER = collins
SLURM_JOB_UID = 7009
SLURM_JOB_PARTITION = standard
SLURM_TASK_PID = 34703
SLURM_SUBMIT_DIR = /home/collins/odor-states/fig5
SLURM_CPUS_ON_NODE = 1
SLURM_NTASKS = 
SLURM_TASK_PID = 34703
==========================================
0: Session started...Session started...Session started...Session started...Completed. Total Execution Time: 255.576 secs
0: Session started...Session started...Session started...Session started...Completed. Total Execution Time: 268.25 secs
0: Session started...Session started...Session started...Session started...Completed. Total Execution Time: 270.607 secs
0: Session started...Session started...Session started...Session started...Completed. Total Execution Time: 273.454 secs
0: Session started...Session started...Session started...Session started...Completed. Total Execution Time: 285.179 secs
0: Session started...Session started...Session started...Session started...Completed. Total Execution Time: 293.678 secs
0: Session started...Session started...Session started...Session started...Completed. Total Execution Time: 296.827 secs
0: Session started...Session started...Session started...Session started...Completed. Total Execution Time: 317.06 secs
0: Session started...Session started...Session started...Session started...Completed. Total Execution Time: 259.086 secs
0: Session started...Session started...Session started...Session started...Completed. Total Execution Time: 273.872 secs
0: Session started...Session started...Session started...Session started...Completed. Total Execution Time: 274.802 secs
0: Session started...Session started...Session started...Session started...Completed. Total Execution Time: 278.233 secs
0: Session started...Session started...Session started...Session started...Completed. Total Execution Time: 288.875 secs
0: Session started...Session started...Session started...Session started...Completed. Total Execution Time: 298.152 secs
0: Session started...Session started...Session started...Session started...Completed. Total Execution Time: 302.659 secs
0: Session started...Session started...Session started...Session started...Completed. Total Execution Time: 320.27 secs
0: Session started...Session started...Session started...Session started...Completed. Total Execution Time: 257.491 secs
0: Session started...Session started...Session started...Session started...Completed. Total Execution Time: 273.97 secs
0: Session started...Session started...Session started...Session started...Completed. Total Execution Time: 276.684 secs
0: Session started...Session started...Session started...Session started...Completed. Total Execution Time: 280.544 secs
0: Session started...Session started...Session started...Session started...Completed. Total Execution Time: 288.553 secs
0: Session started...Session started...Session started...Session started...Completed. Total Execution Time: 299.148 secs
0: Session started...Session started...Session started...Session started...Completed. Total Execution Time: 302.058 secs
0: Session started...Session started...Session started...Session started...Completed. Total Execution Time: 324.032 secs
0: Session started...Session started...Session started...Session started...Completed. Total Execution Time: 259.381 secs
0: Session started...Session started...Session started...Session started...Completed. Total Execution Time: 279.659 secs
0: Session started...Session started...Session started...Session started...Completed. Total Execution Time: 281.677 secs
0: Session started...Session started...Session started...Session started...Completed. Total Execution Time: 282.868 secs
0: Session started...Session started...Session started...Session started...Completed. Total Execution Time: 288.451 secs
0: Session started...Session started...Session started...Session started...Completed. Total Execution Time: 299.429 secs
0: Session started...Session started...Session started...Session started...Completed. Total Execution Time: 302.108 secs
0: Session started...Session started...Session started...Session started...Completed. Total Execution Time: 268.017 secs
0: Session started...Session started...Session started...Session started...Completed. Total Execution Time: 325.357 secs
0: Session started...Session started...Session started...Session started...Completed. Total Execution Time: 276.255 secs
0: Session started...Session started...Session started...Session started...Completed. Total Execution Time: 277.948 secs
0: Session started...Session started...Session started...Session started...Completed. Total Execution Time: 283.45 secs
0: Session started...Session started...Session started...Session started...Completed. Total Execution Time: 293.933 secs
0: Session started...Session started...Session started...Session started...Completed. Total Execution Time: 299.049 secs
0: Session started...Session started...Session started...Session started...Completed. Total Execution Time: 302.921 secs
0: Session started...Session started...Session started...Session started...Completed. Total Execution Time: 324.032 secs
0: Session started...Session started...Session started...Session started...Completed. Total Execution Time: 274.106 secs
0: Session started...Session started...Session started...Session started...Completed. Total Execution Time: 288.31 secs
0: Session started...Session started...Session started...Session started...Completed. Total Execution Time: 280.16 secs
0: Session started...Session started...Session started...Session started...Completed. Total Execution Time: 280.128 secs
0: Session started...Session started...Session started...Session started...Completed. Total Execution Time: 291.945 secs
0: Session started...Session started...Session started...Session started...Completed. Total Execution Time: 299.424 secs
0: Session started...Session started...Session started...Session started...Completed. Total Execution Time: 307.621 secs
0: Session started...Session started...Session started...Session started...Completed. Total Execution Time: 275.61 secs
0: Session started...Session started...Session started...Session started...Completed. Total Execution Time: 281.054 secs
0: Session started...Session started...Session started...Session started...Completed. Total Execution Time: 280.688 secs
0: Session started...Session started...Session started...Session started...Completed. Total Execution Time: 269.399 secs
0: Session started...Session started...Session started...Session started...Completed. Total Execution Time: 330.89 secs
0: Session started...Session started...Session started...Session started...Completed. Total Execution Time: 290.411 secs
0: Session started...Session started...Session started...Session started...Completed. Total Execution Time: 300.433 secs
0: Session started...Session started...Session started...Session started...Completed. Total Execution Time: 308.499 secs
0: Session started...Session started...Session started...Session started...Completed. Total Execution Time: 323.686 secs
