==========================================
SLURM_CLUSTER_NAME = param-brahma
SLURM_ARRAY_JOB_ID = 
SLURM_ARRAY_TASK_ID = 
SLURM_ARRAY_TASK_COUNT = 
SLURM_ARRAY_TASK_MAX = 
SLURM_ARRAY_TASK_MIN = 
SLURM_JOB_ACCOUNT = collins
SLURM_JOB_ID = 784775
SLURM_JOB_NAME = pn-pert-trial
SLURM_JOB_NODELIST = cn[003,023,037,046,062,118,142,167]
SLURM_JOB_USER = collins
SLURM_JOB_UID = 7009
SLURM_JOB_PARTITION = standard
SLURM_TASK_PID = 6361
SLURM_SUBMIT_DIR = /home/collins/odor-states/fig5
SLURM_CPUS_ON_NODE = 1
SLURM_NTASKS = 
SLURM_TASK_PID = 6361
==========================================
0: Session started...Session started...Session started...Session started...Completed. Total Execution Time: 252.964 secs
0: Session started...Session started...Session started...Session started...Completed. Total Execution Time: 256.413 secs
0: Session started...Session started...Session started...Session started...Completed. Total Execution Time: 268.332 secs
0: Session started...Session started...Session started...Session started...Completed. Total Execution Time: 269.152 secs
0: Session started...Session started...Session started...Session started...Completed. Total Execution Time: 284.816 secs
0: Session started...Session started...Session started...Session started...Completed. Total Execution Time: 293.503 secs
0: Session started...Session started...Session started...Session started...Completed. Total Execution Time: 295.215 secs
0: Session started...Session started...Session started...Session started...Completed. Total Execution Time: 314.975 secs
0: Session started...Session started...Session started...Session started...Completed. Total Execution Time: 262.523 secs
0: Session started...Session started...Session started...Session started...Completed. Total Execution Time: 258.921 secs
0: Session started...Session started...Session started...Session started...Completed. Total Execution Time: 273.764 secs
0: Session started...Session started...Session started...Session started...Completed. Total Execution Time: 274.869 secs
0: Session started...Session started...Session started...Session started...Completed. Total Execution Time: 292.605 secs
0: Session started...Session started...Session started...Session started...Completed. Total Execution Time: 296.67 secs
0: Session started...Session started...Session started...Session started...Completed. Total Execution Time: 271.888 secs
0: Session started...Session started...Session started...Session started...Completed. Total Execution Time: 323.488 secs
0: Session started...Session started...Session started...Session started...Completed. Total Execution Time: 262.443 secs
0: Session started...Session started...Session started...Session started...Completed. Total Execution Time: 260.476 secs
0: Session started...Session started...Session started...Session started...Completed. Total Execution Time: 278.171 secs
0: Session started...Session started...Session started...Session started...Completed. Total Execution Time: 280.902 secs
0: Session started...Session started...Session started...Session started...Completed. Total Execution Time: 288.861 secs
0: Session started...Session started...Session started...Session started...Completed. Total Execution Time: 299.479 secs
0: Session started...Session started...Session started...Session started...Completed. Total Execution Time: 272.504 secs
0: Session started...Session started...Session started...Session started...Completed. Total Execution Time: 327.615 secs
0: Session started...Session started...Session started...Session started...Completed. Total Execution Time: 263.365 secs
0: Session started...Session started...Session started...Session started...Completed. Total Execution Time: 262.102 secs
0: Session started...Session started...Session started...Session started...Completed. Total Execution Time: 278.81 secs
0: Session started...Session started...Session started...Session started...Completed. Total Execution Time: 277.188 secs
0: Session started...Session started...Session started...Session started...Completed. Total Execution Time: 291.113 secs
0: Session started...Session started...Session started...Session started...Completed. Total Execution Time: 272.784 secs
0: Session started...Session started...Session started...Session started...Completed. Total Execution Time: 301.452 secs
0: Session started...Session started...Session started...Session started...Completed. Total Execution Time: 264.004 secs
0: Session started...Session started...Session started...Session started...Completed. Total Execution Time: 331.365 secs
0: Session started...Session started...Session started...Session started...Completed. Total Execution Time: 300.374 secs
0: Session started...Session started...Session started...Session started...Completed. Total Execution Time: 278.967 secs
0: Session started...Session started...Session started...Session started...Completed. Total Execution Time: 277.667 secs
0: Session started...Session started...Session started...Session started...Completed. Total Execution Time: 272.421 secs
0: Session started...Session started...Session started...Session started...Completed. Total Execution Time: 291.051 secs
0: Session started...Session started...Session started...Session started...Completed. Total Execution Time: 300.635 secs
0: Session started...Session started...Session started...Session started...Completed. Total Execution Time: 263.084 secs
0: Session started...Session started...Session started...Session started...Completed. Total Execution Time: 323.831 secs
0: Session started...Session started...Session started...Session started...Completed. Total Execution Time: 278.066 secs
0: Session started...Session started...Session started...Session started...Completed. Total Execution Time: 277.364 secs
0: Session started...Session started...Session started...Session started...Completed. Total Execution Time: 274.29 secs
0: Session started...Session started...Session started...Session started...Completed. Total Execution Time: 279.787 secs
0: Session started...Session started...Session started...Session started...Completed. Total Execution Time: 294.046 secs
0: Session started...Session started...Session started...Session started...Completed. Total Execution Time: 303.279 secs
0: Session started...Session started...Session started...Session started...Completed. Total Execution Time: 266.211 secs
0: Session started...Session started...Session started...Session started...Completed. Total Execution Time: 276.883 secs
0: Session started...Session started...Session started...Session started...Completed. Total Execution Time: 278.051 secs
0: Session started...Session started...Session started...Session started...Completed. Total Execution Time: 325.441 secs
0: Session started...Session started...Session started...Session started...Completed. Total Execution Time: 291.328 secs
0: Session started...Session started...Session started...Session started...Completed. Total Execution Time: 259.276 secs
0: Session started...Session started...Session started...Session started...Completed. Total Execution Time: 277.516 secs
0: Session started...Session started...Session started...Session started...Completed. Total Execution Time: 302.642 secs
0: Session started...Session started...Session started...Session started...Completed. Total Execution Time: 324.785 secs
