==========================================
SLURM_CLUSTER_NAME = param-brahma
SLURM_ARRAY_JOB_ID = 
SLURM_ARRAY_TASK_ID = 
SLURM_ARRAY_TASK_COUNT = 
SLURM_ARRAY_TASK_MAX = 
SLURM_ARRAY_TASK_MIN = 
SLURM_JOB_ACCOUNT = collins
SLURM_JOB_ID = 784720
SLURM_JOB_NAME = pn-pert-trial
SLURM_JOB_NODELIST = cn[003,033,044,046,062,161,167,185,194]
SLURM_JOB_USER = collins
SLURM_JOB_UID = 7009
SLURM_JOB_PARTITION = standard
SLURM_TASK_PID = 46642
SLURM_SUBMIT_DIR = /home/collins/odor-states/fig5
SLURM_CPUS_ON_NODE = 1
SLURM_NTASKS = 
SLURM_TASK_PID = 46642
==========================================
0: Session started...Session started...Session started...Session started...Completed. Total Execution Time: 268.073 secs
0: Session started...Session started...Session started...Session started...Completed. Total Execution Time: 272.403 secs
0: Session started...Session started...Session started...Session started...Completed. Total Execution Time: 275.643 secs
0: Session started...Session started...Session started...Session started...Completed. Total Execution Time: 276.135 secs
0: Session started...Session started...Session started...Session started...Completed. Total Execution Time: 282.885 secs
0: Session started...Session started...Session started...Session started...Completed. Total Execution Time: 291.733 secs
0: Session started...Session started...Session started...Session started...Completed. Total Execution Time: 302.034 secs
0: Session started...Session started...Session started...Session started...Completed. Total Execution Time: 307.868 secs
0: Session started...Session started...Session started...Session started...Completed. Total Execution Time: 272.923 secs
0: Session started...Session started...Session started...Session started...Completed. Total Execution Time: 278.414 secs
0: Session started...Session started...Session started...Session started...Completed. Total Execution Time: 282.194 secs
0: Session started...Session started...Session started...Session started...Completed. Total Execution Time: 281.803 secs
0: Session started...Session started...Session started...Session started...Completed. Total Execution Time: 287.13 secs
0: Session started...Session started...Session started...Session started...Completed. Total Execution Time: 300.302 secs
0: Session started...Session started...Session started...Session started...Completed. Total Execution Time: 308.976 secs
0: Session started...Session started...Session started...Session started...Completed. Total Execution Time: 312.825 secs
0: Session started...Session started...Session started...Session started...Completed. Total Execution Time: 279.279 secs
0: Session started...Session started...Session started...Session started...Completed. Total Execution Time: 281.753 secs
0: Session started...Session started...Session started...Session started...Completed. Total Execution Time: 280.728 secs
0: Session started...Session started...Session started...Session started...Completed. Total Execution Time: 279.768 secs
0: Session started...Session started...Session started...Session started...Completed. Total Execution Time: 291.919 secs
0: Session started...Session started...Session started...Session started...Completed. Total Execution Time: 300.468 secs
0: Session started...Session started...Session started...Session started...Completed. Total Execution Time: 307.334 secs
0: Session started...Session started...Session started...Session started...Completed. Total Execution Time: 315.068 secs
0: Session started...Session started...Session started...Session started...Completed. Total Execution Time: 277.229 secs
0: Session started...Session started...Session started...Session started...Completed. Total Execution Time: 277.811 secs
0: Session started...Session started...Session started...Session started...Completed. Total Execution Time: 278.162 secs
0: Session started...Session started...Session started...Session started...Completed. Total Execution Time: 278.789 secs
0: Session started...Session started...Session started...Session started...Completed. Total Execution Time: 291.749 secs
0: Session started...Session started...Session started...Session started...Completed. Total Execution Time: 302.014 secs
0: Session started...Session started...Session started...Session started...Completed. Total Execution Time: 306.786 secs
0: Session started...Session started...Session started...Session started...Completed. Total Execution Time: 320.467 secs
0: Session started...Session started...Session started...Session started...Completed. Total Execution Time: 280.955 secs
0: Session started...Session started...Session started...Session started...Completed. Total Execution Time: 279.899 secs
0: Session started...Session started...Session started...Session started...Completed. Total Execution Time: 280.411 secs
0: Session started...Session started...Session started...Session started...Completed. Total Execution Time: 282.343 secs
0: Session started...Session started...Session started...Session started...Completed. Total Execution Time: 292.717 secs
0: Session started...Session started...Session started...Session started...Completed. Total Execution Time: 302.692 secs
0: Session started...Session started...Session started...Session started...Completed. Total Execution Time: 309.232 secs
0: Session started...Session started...Session started...Session started...Completed. Total Execution Time: 316.508 secs
0: Session started...Session started...Session started...Session started...Completed. Total Execution Time: 276.634 secs
0: Session started...Session started...Session started...Session started...Completed. Total Execution Time: 279.849 secs
0: Session started...Session started...Session started...Session started...Completed. Total Execution Time: 278.015 secs
0: Session started...Session started...Session started...Session started...Completed. Total Execution Time: 279.463 secs
0: Session started...Session started...Session started...Session started...Completed. Total Execution Time: 294.884 secs
0: Session started...Session started...Session started...Session started...Completed. Total Execution Time: 301.884 secs
0: Session started...Session started...Session started...Session started...Completed. Total Execution Time: 306.418 secs
0: Session started...Session started...Session started...Session started...Completed. Total Execution Time: 315.854 secs
0: Session started...Session started...Session started...Session started...Completed. Total Execution Time: 278.778 secs
0: Session started...Session started...Session started...Session started...Completed. Total Execution Time: 279.871 secs
0: Session started...Session started...Session started...Session started...Completed. Total Execution Time: 279.928 secs
0: Session started...Session started...Session started...Session started...Completed. Total Execution Time: 276.949 secs
0: Session started...Session started...Session started...Session started...Completed. Total Execution Time: 292.621 secs
0: Session started...Session started...Session started...Session started...Completed. Total Execution Time: 300.54 secs
0: Session started...Session started...Session started...Session started...Completed. Total Execution Time: 307.771 secs
0: Session started...Session started...Session started...Session started...Completed. Total Execution Time: 321.004 secs
