==========================================
SLURM_CLUSTER_NAME = param-brahma
SLURM_ARRAY_JOB_ID = 
SLURM_ARRAY_TASK_ID = 
SLURM_ARRAY_TASK_COUNT = 
SLURM_ARRAY_TASK_MAX = 
SLURM_ARRAY_TASK_MIN = 
SLURM_JOB_ACCOUNT = collins
SLURM_JOB_ID = 784609
SLURM_JOB_NAME = odor-comparison
SLURM_JOB_NODELIST = cn[037,046,048-049,081,085,138,158,167,185]
SLURM_JOB_USER = collins
SLURM_JOB_UID = 7009
SLURM_JOB_PARTITION = standard
SLURM_TASK_PID = 18969
SLURM_SUBMIT_DIR = /home/collins/odor-states/fig5
SLURM_CPUS_ON_NODE = 1
SLURM_NTASKS = 
SLURM_TASK_PID = 18969
==========================================
0: Session started...Session started...Session started...Session started...Completed. Total Execution Time: 262.351 secs
0: Session started...Session started...Session started...Session started...Completed. Total Execution Time: 262.286 secs
0: Session started...Session started...Session started...Session started...Completed. Total Execution Time: 270.496 secs
0: Session started...Session started...Session started...Session started...Completed. Total Execution Time: 273.083 secs
0: Session started...Session started...Session started...Session started...Completed. Total Execution Time: 287.296 secs
0: Session started...Session started...Session started...Session started...Completed. Total Execution Time: 287.849 secs
0: Session started...Session started...Session started...Session started...Completed. Total Execution Time: 292.978 secs
0: Session started...Session started...Session started...Session started...Completed. Total Execution Time: 297.604 secs
0: Session started...Session started...Session started...Session started...Completed. Total Execution Time: 300.197 secs
0: Session started...Session started...Session started...Session started...Completed. Total Execution Time: 311.217 secs
0: Session started...Session started...Session started...Session started...Completed. Total Execution Time: 275.671 secs
0: Session started...Session started...Session started...Session started...Completed. Total Execution Time: 279.123 secs
0: Session started...Session started...Session started...Session started...Completed. Total Execution Time: 265.208 secs
0: Session started...Session started...Session started...Session started...Completed. Total Execution Time: 292.024 secs
0: Session started...Session started...Session started...Session started...Completed. Total Execution Time: 267.905 secs
0: Session started...Session started...Session started...Session started...Completed. Total Execution Time: 295.688 secs
0: Session started...Session started...Session started...Session started...Completed. Total Execution Time: 297.384 secs
0: Session started...Session started...Session started...Session started...Completed. Total Execution Time: 301.412 secs
0: Session started...Session started...Session started...Session started...Completed. Total Execution Time: 306.047 secs
0: Session started...Session started...Session started...Session started...Completed. Total Execution Time: 319.213 secs
0: Session started...Session started...Session started...Session started...Completed. Total Execution Time: 276.331 secs
0: Session started...Session started...Session started...Session started...Completed. Total Execution Time: 280.978 secs
0: Session started...Session started...Session started...Session started...Completed. Total Execution Time: 265.552 secs
0: Session started...Session started...Session started...Session started...Completed. Total Execution Time: 268.785 secs
0: Session started...Session started...Session started...Session started...Completed. Total Execution Time: 293.786 secs
0: Session started...Session started...Session started...Session started...Completed. Total Execution Time: 298.632 secs
0: Session started...Session started...Session started...Session started...Completed. Total Execution Time: 300.628 secs
0: Session started...Session started...Session started...Session started...Completed. Total Execution Time: 303.416 secs
0: Session started...Session started...Session started...Session started...Completed. Total Execution Time: 311.976 secs
0: Session started...Session started...Session started...Session started...Completed. Total Execution Time: 321.477 secs
0: Session started...Session started...Session started...Session started...Completed. Total Execution Time: 278.25 secs
0: Session started...Session started...Session started...Session started...Completed. Total Execution Time: 280.47 secs
0: Session started...Session started...Session started...Session started...Completed. Total Execution Time: 264.513 secs
0: Session started...Session started...Session started...Session started...Completed. Total Execution Time: 270.872 secs
0: Session started...Session started...Session started...Session started...Completed. Total Execution Time: 293.469 secs
0: Session started...Session started...Session started...Session started...Completed. Total Execution Time: 296.145 secs
0: Session started...Session started...Session started...Session started...Completed. Total Execution Time: 299.489 secs
0: Session started...Session started...Session started...Session started...Completed. Total Execution Time: 295.932 secs
0: Session started...Session started...Session started...Session started...Completed. Total Execution Time: 309.543 secs
0: Session started...Session started...Session started...Session started...Completed. Total Execution Time: 321.977 secs
0: Session started...Session started...Session started...Session started...Completed. Total Execution Time: 277.025 secs
0: Session started...Session started...Session started...Session started...Completed. Total Execution Time: 281.464 secs
0: Session started...Session started...Session started...Session started...Completed. Total Execution Time: 269.67 secs
0: Session started...Session started...Session started...Session started...Completed. Total Execution Time: 269.266 secs
0: Session started...Session started...Session started...Session started...Completed. Total Execution Time: 293.48 secs
0: Session started...Session started...Session started...Session started...Completed. Total Execution Time: 297.889 secs
0: Session started...Session started...Session started...Session started...Completed. Total Execution Time: 299.272 secs
0: Session started...Session started...Session started...Session started...Completed. Total Execution Time: 303.239 secs
0: Session started...Session started...Session started...Session started...Completed. Total Execution Time: 309.925 secs
0: Session started...Session started...Session started...Session started...Completed. Total Execution Time: 323.925 secs
0: Session started...Session started...Session started...Session started...Completed. Total Execution Time: 282.906 secs
0: Session started...Session started...Session started...Session started...Completed. Total Execution Time: 280.682 secs
0: Session started...Session started...Session started...Session started...Completed. Total Execution Time: 269.422 secs
0: Session started...Session started...Session started...Session started...Completed. Total Execution Time: 268.037 secs
0: Session started...Session started...Session started...Session started...Completed. Total Execution Time: 293.308 secs
0: Session started...Session started...Session started...Session started...Completed. Total Execution Time: 296.371 secs
0: Session started...Session started...Session started...Session started...Completed. Total Execution Time: 301.998 secs
0: Session started...Session started...Session started...Session started...Completed. Total Execution Time: 293.793 secs
0: Session started...Session started...Session started...Session started...Completed. Total Execution Time: 309.8 secs
0: Session started...Session started...Session started...Session started...Completed. Total Execution Time: 278.702 secs
0: Session started...Session started...Session started...Session started...Completed. Total Execution Time: 284.098 secs
0: Session started...Session started...Session started...Session started...Completed. Total Execution Time: 264.716 secs
0: Session started...Session started...Session started...Session started...Completed. Total Execution Time: 328.065 secs
0: Session started...Session started...Session started...Session started...Completed. Total Execution Time: 269.677 secs
0: Session started...Session started...Session started...Session started...Completed. Total Execution Time: 293.367 secs
0: Session started...Session started...Session started...Session started...Completed. Total Execution Time: 295.976 secs
0: Session started...Session started...Session started...Session started...Completed. Total Execution Time: 300.542 secs
0: Session started...Session started...Session started...Session started...Completed. Total Execution Time: 298.181 secs
0: Session started...Session started...Session started...Session started...Completed. Total Execution Time: 309.486 secs
0: Session started...Session started...Session started...Session started...Completed. Total Execution Time: 321.537 secs
