==========================================
SLURM_CLUSTER_NAME = param-brahma
SLURM_ARRAY_JOB_ID = 
SLURM_ARRAY_TASK_ID = 
SLURM_ARRAY_TASK_COUNT = 
SLURM_ARRAY_TASK_MAX = 
SLURM_ARRAY_TASK_MIN = 
SLURM_JOB_ACCOUNT = collins
SLURM_JOB_ID = 784824
SLURM_JOB_NAME = pn-pert-trial
SLURM_JOB_NODELIST = cn[044,057,104-105,118,132,161,163]
SLURM_JOB_USER = collins
SLURM_JOB_UID = 7009
SLURM_JOB_PARTITION = standard
SLURM_TASK_PID = 5290
SLURM_SUBMIT_DIR = /home/collins/odor-states/fig5
SLURM_CPUS_ON_NODE = 1
SLURM_NTASKS = 
SLURM_TASK_PID = 5290
==========================================
0: Session started...Session started...Session started...Session started...Completed. Total Execution Time: 252.612 secs
0: Session started...Session started...Session started...Session started...Completed. Total Execution Time: 258.03 secs
0: Session started...Session started...Session started...Session started...Completed. Total Execution Time: 258.893 secs
0: Session started...Session started...Session started...Session started...Completed. Total Execution Time: 270.703 secs
0: Session started...Session started...Session started...Session started...Completed. Total Execution Time: 271.009 secs
0: Session started...Session started...Session started...Session started...Completed. Total Execution Time: 271.719 secs
0: Session started...Session started...Session started...Session started...Completed. Total Execution Time: 271.784 secs
0: Session started...Session started...Session started...Session started...Completed. Total Execution Time: 261.166 secs
0: Session started...Session started...Session started...Session started...Completed. Total Execution Time: 263.45 secs
0: Session started...Session started...Session started...Session started...Completed. Total Execution Time: 266.706 secs
0: Session started...Session started...Session started...Session started...Completed. Total Execution Time: 276.513 secs
0: Session started...Session started...Session started...Session started...Completed. Total Execution Time: 279.013 secs
0: Session started...Session started...Session started...Session started...Completed. Total Execution Time: 278.78 secs
0: Session started...Session started...Session started...Session started...Completed. Total Execution Time: 279.274 secs
0: Session started...Session started...Session started...Session started...Completed. Total Execution Time: 259.863 secs
0: Session started...Session started...Session started...Session started...Completed. Total Execution Time: 264.205 secs
0: Session started...Session started...Session started...Session started...Completed. Total Execution Time: 271.232 secs
0: Session started...Session started...Session started...Session started...Completed. Total Execution Time: 278.258 secs
0: Session started...Session started...Session started...Session started...Completed. Total Execution Time: 278.663 secs
0: Session started...Session started...Session started...Session started...Completed. Total Execution Time: 282.488 secs
0: Session started...Session started...Session started...Session started...Completed. Total Execution Time: 280.087 secs
0: Session started...Session started...Session started...Session started...Completed. Total Execution Time: 261.267 secs
0: Session started...Session started...Session started...Session started...Completed. Total Execution Time: 265.397 secs
0: Session started...Session started...Session started...Session started...Completed. Total Execution Time: 267.268 secs
0: Session started...Session started...Session started...Session started...Completed. Total Execution Time: 278.407 secs
0: Session started...Session started...Session started...Session started...Completed. Total Execution Time: 280.25 secs
0: Session started...Session started...Session started...Session started...Completed. Total Execution Time: 283.472 secs
0: Session started...Session started...Session started...Session started...Completed. Total Execution Time: 284.049 secs
0: Session started...Session started...Session started...Session started...Completed. Total Execution Time: 260.885 secs
0: Session started...Session started...Session started...Session started...Completed. Total Execution Time: 264.658 secs
0: Session started...Session started...Session started...Session started...Completed. Total Execution Time: 267.062 secs
0: Session started...Session started...Session started...Session started...Completed. Total Execution Time: 279.784 secs
0: Session started...Session started...Session started...Session started...Completed. Total Execution Time: 280.677 secs
0: Session started...Session started...Session started...Session started...Completed. Total Execution Time: 281.348 secs
0: Session started...Session started...Session started...Session started...Completed. Total Execution Time: 280.927 secs
0: Session started...Session started...Session started...Session started...Completed. Total Execution Time: 261.374 secs
0: Session started...Session started...Session started...Session started...Completed. Total Execution Time: 265.268 secs
0: Session started...Session started...Session started...Session started...Completed. Total Execution Time: 267.12 secs
0: Session started...Session started...Session started...Session started...Completed. Total Execution Time: 280.563 secs
0: Session started...Session started...Session started...Session started...Completed. Total Execution Time: 279.907 secs
0: Session started...Session started...Session started...Session started...Completed. Total Execution Time: 281.654 secs
0: Session started...Session started...Session started...Session started...Completed. Total Execution Time: 285.071 secs
0: Session started...Session started...Session started...Session started...Completed. Total Execution Time: 260.296 secs
0: Session started...Session started...Session started...Session started...Completed. Total Execution Time: 266.798 secs
0: Session started...Session started...Session started...Session started...Completed. Total Execution Time: 266.905 secs
0: Session started...Session started...Session started...Session started...Completed. Total Execution Time: 278.46 secs
0: Session started...Session started...Session started...Session started...Completed. Total Execution Time: 278.708 secs
0: Session started...Session started...Session started...Session started...Completed. Total Execution Time: 283.454 secs
0: Session started...Session started...Session started...Session started...Completed. Total Execution Time: 279.193 secs
