==========================================
SLURM_CLUSTER_NAME = param-brahma
SLURM_ARRAY_JOB_ID = 
SLURM_ARRAY_TASK_ID = 
SLURM_ARRAY_TASK_COUNT = 
SLURM_ARRAY_TASK_MAX = 
SLURM_ARRAY_TASK_MIN = 
SLURM_JOB_ACCOUNT = collins
SLURM_JOB_ID = 784790
SLURM_JOB_NAME = pn-pert-trial
SLURM_JOB_NODELIST = cn[044,062,104-105,118,132,161,191]
SLURM_JOB_USER = collins
SLURM_JOB_UID = 7009
SLURM_JOB_PARTITION = standard
SLURM_TASK_PID = 21274
SLURM_SUBMIT_DIR = /home/collins/odor-states/fig5
SLURM_CPUS_ON_NODE = 1
SLURM_NTASKS = 
SLURM_TASK_PID = 21274
==========================================
0: Session started...Session started...Session started...Session started...Completed. Total Execution Time: 253.017 secs
0: Session started...Session started...Session started...Session started...Completed. Total Execution Time: 270.323 secs
0: Session started...Session started...Session started...Session started...Completed. Total Execution Time: 270.488 secs
0: Session started...Session started...Session started...Session started...Completed. Total Execution Time: 271.39 secs
0: Session started...Session started...Session started...Session started...Completed. Total Execution Time: 271.822 secs
0: Session started...Session started...Session started...Session started...Completed. Total Execution Time: 271.736 secs
0: Session started...Session started...Session started...Session started...Completed. Total Execution Time: 272.419 secs
0: Session started...Session started...Session started...Session started...Completed. Total Execution Time: 270.554 secs
0: Session started...Session started...Session started...Session started...Completed. Total Execution Time: 275.544 secs
0: Session started...Session started...Session started...Session started...Completed. Total Execution Time: 278.013 secs
0: Session started...Session started...Session started...Session started...Completed. Total Execution Time: 277.795 secs
0: Session started...Session started...Session started...Session started...Completed. Total Execution Time: 276.783 secs
0: Session started...Session started...Session started...Session started...Completed. Total Execution Time: 276.695 secs
0: Session started...Session started...Session started...Session started...Completed. Total Execution Time: 280.225 secs
0: Session started...Session started...Session started...Session started...Completed. Total Execution Time: 278.387 secs
0: Session started...Session started...Session started...Session started...Completed. Total Execution Time: 276.072 secs
0: Session started...Session started...Session started...Session started...Completed. Total Execution Time: 279.416 secs
0: Session started...Session started...Session started...Session started...Completed. Total Execution Time: 277.419 secs
0: Session started...Session started...Session started...Session started...Completed. Total Execution Time: 279.605 secs
0: Session started...Session started...Session started...Session started...Completed. Total Execution Time: 279.585 secs
0: Session started...Session started...Session started...Session started...Completed. Total Execution Time: 269.462 secs
0: Session started...Session started...Session started...Session started...Completed. Total Execution Time: 278.731 secs
0: Session started...Session started...Session started...Session started...Completed. Total Execution Time: 278.025 secs
0: Session started...Session started...Session started...Session started...Completed. Total Execution Time: 280.483 secs
0: Session started...Session started...Session started...Session started...Completed. Total Execution Time: 279.904 secs
0: Session started...Session started...Session started...Session started...Completed. Total Execution Time: 280.219 secs
0: Session started...Session started...Session started...Session started...Completed. Total Execution Time: 284.493 secs
0: Session started...Session started...Session started...Session started...Completed. Total Execution Time: 260.902 secs
0: Session started...Session started...Session started...Session started...Completed. Total Execution Time: 277.151 secs
0: Session started...Session started...Session started...Session started...Completed. Total Execution Time: 279.252 secs
0: Session started...Session started...Session started...Session started...Completed. Total Execution Time: 279.365 secs
0: Session started...Session started...Session started...Session started...Completed. Total Execution Time: 280.03 secs
0: Session started...Session started...Session started...Session started...Completed. Total Execution Time: 283.815 secs
0: Session started...Session started...Session started...Session started...Completed. Total Execution Time: 281.493 secs
0: Session started...Session started...Session started...Session started...Completed. Total Execution Time: 279.805 secs
0: Session started...Session started...Session started...Session started...Completed. Total Execution Time: 275.891 secs
0: Session started...Session started...Session started...Session started...Completed. Total Execution Time: 278.996 secs
0: Session started...Session started...Session started...Session started...Completed. Total Execution Time: 280.747 secs
0: Session started...Session started...Session started...Session started...Completed. Total Execution Time: 280.297 secs
0: Session started...Session started...Session started...Session started...Completed. Total Execution Time: 282.793 secs
0: Session started...Session started...Session started...Session started...Completed. Total Execution Time: 282.8 secs
0: Session started...Session started...Session started...Session started...Completed. Total Execution Time: 264.403 secs
0: Session started...Session started...Session started...Session started...Completed. Total Execution Time: 276.771 secs
0: Session started...Session started...Session started...Session started...Completed. Total Execution Time: 279.86 secs
0: Session started...Session started...Session started...Session started...Completed. Total Execution Time: 279.242 secs
0: Session started...Session started...Session started...Session started...Completed. Total Execution Time: 281.133 secs
0: Session started...Session started...Session started...Session started...Completed. Total Execution Time: 281.155 secs
0: Session started...Session started...Session started...Session started...Completed. Total Execution Time: 279.722 secs
0: Session started...Session started...Session started...Session started...Completed. Total Execution Time: 260.06 secs
