==========================================
SLURM_CLUSTER_NAME = param-brahma
SLURM_ARRAY_JOB_ID = 
SLURM_ARRAY_TASK_ID = 
SLURM_ARRAY_TASK_COUNT = 
SLURM_ARRAY_TASK_MAX = 
SLURM_ARRAY_TASK_MIN = 
SLURM_JOB_ACCOUNT = collins
SLURM_JOB_ID = 784718
SLURM_JOB_NAME = pn-pert-trial
SLURM_JOB_NODELIST = cn[003,033,037,046,062,161,167,194]
SLURM_JOB_USER = collins
SLURM_JOB_UID = 7009
SLURM_JOB_PARTITION = standard
SLURM_TASK_PID = 46171
SLURM_SUBMIT_DIR = /home/collins/odor-states/fig5
SLURM_CPUS_ON_NODE = 1
SLURM_NTASKS = 
SLURM_TASK_PID = 46171
==========================================
0: Session started...Session started...Session started...Session started...Completed. Total Execution Time: 273.505 secs
0: Session started...Session started...Session started...Session started...Completed. Total Execution Time: 274.198 secs
0: Session started...Session started...Session started...Session started...Completed. Total Execution Time: 277.231 secs
0: Session started...Session started...Session started...Session started...Completed. Total Execution Time: 287.184 secs
0: Session started...Session started...Session started...Session started...Completed. Total Execution Time: 304.86 secs
0: Session started...Session started...Session started...Session started...Completed. Total Execution Time: 311.656 secs
0: Session started...Session started...Session started...Session started...Completed. Total Execution Time: 338.047 secs
0: Session started...Session started...Session started...Session started...Completed. Total Execution Time: 512.2 secs
0: Session started...Session started...Session started...Session started...Completed. Total Execution Time: 276.921 secs
0: Session started...Session started...Session started...Session started...Completed. Total Execution Time: 278.743 secs
0: Session started...Session started...Session started...Session started...Completed. Total Execution Time: 283.576 secs
0: Session started...Session started...Session started...Session started...Completed. Total Execution Time: 293.713 secs
0: Session started...Session started...Session started...Session started...Completed. Total Execution Time: 308.792 secs
0: Session started...Session started...Session started...Session started...Completed. Total Execution Time: 345.709 secs
0: Session started...Session started...Session started...Session started...Completed. Total Execution Time: 323.143 secs
0: Session started...Session started...Session started...Session started...Completed. Total Execution Time: 279.681 secs
0: Session started...Session started...Session started...Session started...Completed. Total Execution Time: 281.641 secs
0: Session started...Session started...Session started...Session started...Completed. Total Execution Time: 289.86 secs
0: Session started...Session started...Session started...Session started...Completed. Total Execution Time: 295.324 secs
0: Session started...Session started...Session started...Session started...Completed. Total Execution Time: 312.114 secs
0: Session started...Session started...Session started...Session started...Completed. Total Execution Time: 521.056 secs
0: Session started...Session started...Session started...Session started...Completed. Total Execution Time: 348.334 secs
0: Session started...Session started...Session started...Session started...Completed. Total Execution Time: 321.19 secs
0: Session started...Session started...Session started...Session started...Completed. Total Execution Time: 279.097 secs
0: Session started...Session started...Session started...Session started...Completed. Total Execution Time: 280.583 secs
0: Session started...Session started...Session started...Session started...Completed. Total Execution Time: 286.374 secs
0: Session started...Session started...Session started...Session started...Completed. Total Execution Time: 294.589 secs
0: Session started...Session started...Session started...Session started...Completed. Total Execution Time: 313.456 secs
0: Session started...Session started...Session started...Session started...Completed. Total Execution Time: 346.286 secs
0: Session started...Session started...Session started...Session started...Completed. Total Execution Time: 324.709 secs
0: Session started...Session started...Session started...Session started...Completed. Total Execution Time: 279.344 secs
0: Session started...Session started...Session started...Session started...Completed. Total Execution Time: 285.347 secs
0: Session started...Session started...Session started...Session started...Completed. Total Execution Time: 286.7 secs
0: Session started...Session started...Session started...Session started...Completed. Total Execution Time: 295.426 secs
0: Session started...Session started...Session started...Session started...Completed. Total Execution Time: 311.253 secs
0: Session started...Session started...Session started...Session started...Completed. Total Execution Time: 526.096 secs
0: Session started...Session started...Session started...Session started...Completed. Total Execution Time: 278.798 secs
0: Session started...Session started...Session started...Session started...Completed. Total Execution Time: 280.384 secs
0: Session started...Session started...Session started...Session started...Completed. Total Execution Time: 321.456 secs
0: Session started...Session started...Session started...Session started...Completed. Total Execution Time: 287.647 secs
0: Session started...Session started...Session started...Session started...Completed. Total Execution Time: 346.47 secs
0: Session started...Session started...Session started...Session started...Completed. Total Execution Time: 295.238 secs
0: Session started...Session started...Session started...Session started...Completed. Total Execution Time: 308.854 secs
0: Session started...Session started...Session started...Session started...Completed. Total Execution Time: 279.903 secs
0: Session started...Session started...Session started...Session started...Completed. Total Execution Time: 281.414 secs
0: Session started...Session started...Session started...Session started...Completed. Total Execution Time: 284.37 secs
0: Session started...Session started...Session started...Session started...Completed. Total Execution Time: 323.911 secs
0: Session started...Session started...Session started...Session started...Completed. Total Execution Time: 294.156 secs
0: Session started...Session started...Session started...Session started...Completed. Total Execution Time: 347.072 secs
0: Session started...Session started...Session started...Session started...Completed. Total Execution Time: 520.332 secs
0: Session started...Session started...Session started...Session started...Completed. Total Execution Time: 299.244 secs
0: Session started...Session started...Session started...Session started...Completed. Total Execution Time: 323.231 secs
0: Session started...Session started...Session started...Session started...Completed. Total Execution Time: 343.373 secs
0: Session started...Session started...Session started...Session started...Completed. Total Execution Time: 504.688 secs
0: Session started...Session started...Session started...Session started...Completed. Total Execution Time: 496.973 secs
0: Session started...Session started...Session started...Session started...Completed. Total Execution Time: 497.688 secs
