==========================================
SLURM_CLUSTER_NAME = param-brahma
SLURM_ARRAY_JOB_ID = 
SLURM_ARRAY_TASK_ID = 
SLURM_ARRAY_TASK_COUNT = 
SLURM_ARRAY_TASK_MAX = 
SLURM_ARRAY_TASK_MIN = 
SLURM_JOB_ACCOUNT = collins
SLURM_JOB_ID = 784614
SLURM_JOB_NAME = odor-comparison
SLURM_JOB_NODELIST = cn[037,048-049,081,085]
SLURM_JOB_USER = collins
SLURM_JOB_UID = 7009
SLURM_JOB_PARTITION = standard
SLURM_TASK_PID = 1293
SLURM_SUBMIT_DIR = /home/collins/odor-states/fig5
SLURM_CPUS_ON_NODE = 1
SLURM_NTASKS = 
SLURM_TASK_PID = 1293
==========================================
0: Session started...Session started...Session started...Session started...Completed. Total Execution Time: 259.067 secs
0: Session started...Session started...Session started...Session started...Completed. Total Execution Time: 260.493 secs
0: Session started...Session started...Session started...Session started...Completed. Total Execution Time: 261.131 secs
0: Session started...Session started...Session started...Session started...Completed. Total Execution Time: 288.995 secs
0: Session started...Session started...Session started...Session started...Completed. Total Execution Time: 314.516 secs
0: Session started...Session started...Session started...Session started...Completed. Total Execution Time: 263.754 secs
0: Session started...Session started...Session started...Session started...Completed. Total Execution Time: 262.893 secs
0: Session started...Session started...Session started...Session started...Completed. Total Execution Time: 266.781 secs
0: Session started...Session started...Session started...Session started...Completed. Total Execution Time: 293.718 secs
0: Session started...Session started...Session started...Session started...Completed. Total Execution Time: 321.603 secs
0: Session started...Session started...Session started...Session started...Completed. Total Execution Time: 264.5 secs
0: Session started...Session started...Session started...Session started...Completed. Total Execution Time: 263.831 secs
0: Session started...Session started...Session started...Session started...Completed. Total Execution Time: 266.49 secs
0: Session started...Session started...Session started...Session started...Completed. Total Execution Time: 295.413 secs
0: Session started...Session started...Session started...Session started...Completed. Total Execution Time: 321.689 secs
0: Session started...Session started...Session started...Session started...Completed. Total Execution Time: 262.966 secs
0: Session started...Session started...Session started...Session started...Completed. Total Execution Time: 265.588 secs
0: Session started...Session started...Session started...Session started...Completed. Total Execution Time: 271.471 secs
0: Session started...Session started...Session started...Session started...Completed. Total Execution Time: 297.528 secs
0: Session started...Session started...Session started...Session started...Completed. Total Execution Time: 323.027 secs
0: Session started...Session started...Session started...Session started...Completed. Total Execution Time: 262.87 secs
0: Session started...Session started...Session started...Session started...Completed. Total Execution Time: 266.37 secs
0: Session started...Session started...Session started...Session started...Completed. Total Execution Time: 270.173 secs
0: Session started...Session started...Session started...Session started...Completed. Total Execution Time: 306.993 secs
0: Session started...Session started...Session started...Session started...Completed. Total Execution Time: 266.67 secs
0: Session started...Session started...Session started...Session started...Completed. Total Execution Time: 267.672 secs
0: Session started...Session started...Session started...Session started...Completed. Total Execution Time: 267.118 secs
0: Session started...Session started...Session started...Session started...Completed. Total Execution Time: 328.317 secs
0: Session started...Session started...Session started...Session started...Completed. Total Execution Time: 269.417 secs
0: Session started...Session started...Session started...Session started...Completed. Total Execution Time: 265.43 secs
0: Session started...Session started...Session started...Session started...Completed. Total Execution Time: 312.474 secs
0: Session started...Session started...Session started...Session started...Completed. Total Execution Time: 267.269 secs
0: Session started...Session started...Session started...Session started...Completed. Total Execution Time: 324.924 secs
0: Session started...Session started...Session started...Session started...Completed. Total Execution Time: 329.218 secs
0: Session started...Session started...Session started...Session started...Completed. Total Execution Time: 323.025 secs
