==========================================
SLURM_CLUSTER_NAME = param-brahma
SLURM_ARRAY_JOB_ID = 
SLURM_ARRAY_TASK_ID = 
SLURM_ARRAY_TASK_COUNT = 
SLURM_ARRAY_TASK_MAX = 
SLURM_ARRAY_TASK_MIN = 
SLURM_JOB_ACCOUNT = collins
SLURM_JOB_ID = 785640
SLURM_JOB_NAME = pn-pert-trial
SLURM_JOB_NODELIST = cn[044,060,080,092,100,157,160,185]
SLURM_JOB_USER = collins
SLURM_JOB_UID = 7009
SLURM_JOB_PARTITION = standard
SLURM_TASK_PID = 34149
SLURM_SUBMIT_DIR = /home/collins/odor-states/fig5
SLURM_CPUS_ON_NODE = 1
SLURM_NTASKS = 
SLURM_TASK_PID = 34149
==========================================
0: Session started...Session started...Session started...Session started...Completed. Total Execution Time: 271.699 secs
0: Session started...Session started...Session started...Session started...Completed. Total Execution Time: 276.79 secs
0: Session started...Session started...Session started...Session started...Completed. Total Execution Time: 279.811 secs
0: Session started...Session started...Session started...Session started...Completed. Total Execution Time: 300.546 secs
0: Session started...Session started...Session started...Session started...Completed. Total Execution Time: 301.845 secs
0: Session started...Session started...Session started...Session started...Completed. Total Execution Time: 302.337 secs
0: Session started...Session started...Session started...Session started...Completed. Total Execution Time: 304.757 secs
0: Session started...Session started...Session started...Session started...Completed. Total Execution Time: 331.385 secs
0: Session started...Session started...Session started...Session started...Completed. Total Execution Time: 281.739 secs
0: Session started...Session started...Session started...Session started...Completed. Total Execution Time: 288.37 secs
0: Session started...Session started...Session started...Session started...Completed. Total Execution Time: 304.782 secs
0: Session started...Session started...Session started...Session started...Completed. Total Execution Time: 305.701 secs
0: Session started...Session started...Session started...Session started...Completed. Total Execution Time: 306.932 secs
0: Session started...Session started...Session started...Session started...Completed. Total Execution Time: 306.861 secs
0: Session started...Session started...Session started...Session started...Completed. Total Execution Time: 285.505 secs
0: Session started...Session started...Session started...Session started...Completed. Total Execution Time: 336.346 secs
0: Session started...Session started...Session started...Session started...Completed. Total Execution Time: 279.443 secs
0: Session started...Session started...Session started...Session started...Completed. Total Execution Time: 287.924 secs
0: Session started...Session started...Session started...Session started...Completed. Total Execution Time: 309.301 secs
0: Session started...Session started...Session started...Session started...Completed. Total Execution Time: 309.527 secs
0: Session started...Session started...Session started...Session started...Completed. Total Execution Time: 284.947 secs
0: Session started...Session started...Session started...Session started...Completed. Total Execution Time: 311.345 secs
0: Session started...Session started...Session started...Session started...Completed. Total Execution Time: 310.928 secs
0: Session started...Session started...Session started...Session started...Completed. Total Execution Time: 342.669 secs
0: Session started...Session started...Session started...Session started...Completed. Total Execution Time: 297.518 secs
0: Session started...Session started...Session started...Session started...Completed. Total Execution Time: 288.32 secs
0: Session started...Session started...Session started...Session started...Completed. Total Execution Time: 286.312 secs
0: Session started...Session started...Session started...Session started...Completed. Total Execution Time: 310.195 secs
0: Session started...Session started...Session started...Session started...Completed. Total Execution Time: 344.845 secs
0: Session started...Session started...Session started...Session started...Completed. Total Execution Time: 346.302 secs
0: Session started...Session started...Session started...Session started...Completed. Total Execution Time: 349.091 secs
0: Session started...Session started...Session started...Session started...Completed. Total Execution Time: 338.523 secs
0: Session started...Session started...Session started...Session started...Completed. Total Execution Time: 287.668 secs
0: Session started...Session started...Session started...Session started...Completed. Total Execution Time: 319.026 secs
0: Session started...Session started...Session started...Session started...Completed. Total Execution Time: 284.648 secs
0: Session started...Session started...Session started...Session started...Completed. Total Execution Time: 309.076 secs
0: Session started...Session started...Session started...Session started...Completed. Total Execution Time: 346.576 secs
0: Session started...Session started...Session started...Session started...Completed. Total Execution Time: 345.839 secs
0: Session started...Session started...Session started...Session started...Completed. Total Execution Time: 349.759 secs
0: Session started...Session started...Session started...Session started...Completed. Total Execution Time: 284.476 secs
0: Session started...Session started...Session started...Session started...Completed. Total Execution Time: 337.429 secs
0: Session started...Session started...Session started...Session started...Completed. Total Execution Time: 285.618 secs
0: Session started...Session started...Session started...Session started...Completed. Total Execution Time: 312.533 secs
0: Session started...Session started...Session started...Session started...Completed. Total Execution Time: 317.336 secs
0: Session started...Session started...Session started...Session started...Completed. Total Execution Time: 282.103 secs
0: Session started...Session started...Session started...Session started...Completed. Total Execution Time: 346.706 secs
0: Session started...Session started...Session started...Session started...Completed. Total Execution Time: 346.987 secs
0: Session started...Session started...Session started...Session started...Completed. Total Execution Time: 351.317 secs
0: Session started...Session started...Session started...Session started...Completed. Total Execution Time: 283.515 secs
0: Session started...Session started...Session started...Session started...Completed. Total Execution Time: 337.957 secs
0: Session started...Session started...Session started...Session started...Completed. Total Execution Time: 311.225 secs
0: Session started...Session started...Session started...Session started...Completed. Total Execution Time: 334.372 secs
0: Session started...Session started...Session started...Session started...Completed. Total Execution Time: 334.778 secs
0: Session started...Session started...Session started...Session started...Completed. Total Execution Time: 336.084 secs
0: Session started...Session started...Session started...Session started...Completed. Total Execution Time: 337.645 secs
0: Session started...Session started...Session started...Session started...Completed. Total Execution Time: 356.278 secs
